2025-07-24 10:40:54,056 WARNING database DDL Query made to DB:
alter table `tabDocType` add column if not exists migration_hash varchar(140)
2025-07-24 10:40:54,670 WARNING database DDL Query made to DB:
ALTER TABLE `tabPrint Heading` DROP INDEX `print_heading`
2025-07-24 10:40:55,384 WARNING database DDL Query made to DB:
ALTER TABLE `tabPrint Heading` ADD UNIQUE INDEX IF NOT EXISTS print_heading (`print_heading`)
2025-07-24 10:40:56,868 WARNING database DDL Query made to DB:
ALTER TABLE `tabLead` MODIFY `custom_budget_range` decimal(21,9) not null default 0, MODIFY `annual_revenue` decimal(21,9) not null default 0
2025-07-24 10:40:56,950 WARNING database DDL Query made to DB:
ALTER TABLE `tabLead` MODIFY `custom_budget_range` decimal(21,9) not null default 0, MODIFY `annual_revenue` decimal(21,9) not null default 0
2025-07-24 10:40:57,029 WARNING database DDL Query made to DB:
ALTER TABLE `tabLead` MODIFY `annual_revenue` decimal(21,9) not null default 0, MODIFY `custom_budget_range` decimal(21,9) not null default 0
2025-07-24 10:40:57,109 WARNING database DDL Query made to DB:
ALTER TABLE `tabLead` MODIFY `annual_revenue` decimal(21,9) not null default 0, MODIFY `custom_budget_range` decimal(21,9) not null default 0
2025-07-24 10:40:57,191 WARNING database DDL Query made to DB:
ALTER TABLE `tabLead` MODIFY `annual_revenue` decimal(21,9) not null default 0, MODIFY `custom_budget_range` decimal(21,9) not null default 0
2025-07-24 10:40:57,272 WARNING database DDL Query made to DB:
ALTER TABLE `tabLead` MODIFY `custom_budget_range` decimal(21,9) not null default 0, MODIFY `annual_revenue` decimal(21,9) not null default 0
2025-07-24 10:40:57,353 WARNING database DDL Query made to DB:
ALTER TABLE `tabLead` MODIFY `annual_revenue` decimal(21,9) not null default 0, MODIFY `custom_budget_range` decimal(21,9) not null default 0
2025-07-24 10:40:57,432 WARNING database DDL Query made to DB:
ALTER TABLE `tabLead` MODIFY `custom_budget_range` decimal(21,9) not null default 0, MODIFY `annual_revenue` decimal(21,9) not null default 0
2025-07-24 10:40:57,513 WARNING database DDL Query made to DB:
ALTER TABLE `tabLead` MODIFY `annual_revenue` decimal(21,9) not null default 0, MODIFY `custom_budget_range` decimal(21,9) not null default 0
2025-07-24 10:40:57,592 WARNING database DDL Query made to DB:
ALTER TABLE `tabLead` MODIFY `custom_budget_range` decimal(21,9) not null default 0, MODIFY `annual_revenue` decimal(21,9) not null default 0
2025-07-24 10:40:57,671 WARNING database DDL Query made to DB:
ALTER TABLE `tabLead` MODIFY `annual_revenue` decimal(21,9) not null default 0, MODIFY `custom_budget_range` decimal(21,9) not null default 0
2025-07-24 10:47:38,770 WARNING database DDL Query made to DB:
alter table `tabDocType` add column if not exists migration_hash varchar(140)
2025-07-24 10:47:39,405 WARNING database DDL Query made to DB:
ALTER TABLE `tabPrint Heading` DROP INDEX `print_heading`
2025-07-24 10:47:40,117 WARNING database DDL Query made to DB:
ALTER TABLE `tabPrint Heading` ADD UNIQUE INDEX IF NOT EXISTS print_heading (`print_heading`)
2025-07-24 10:47:41,656 WARNING database DDL Query made to DB:
ALTER TABLE `tabLead` MODIFY `custom_budget_range` decimal(21,9) not null default 0, MODIFY `annual_revenue` decimal(21,9) not null default 0
2025-07-24 10:47:41,741 WARNING database DDL Query made to DB:
ALTER TABLE `tabLead` MODIFY `annual_revenue` decimal(21,9) not null default 0, MODIFY `custom_budget_range` decimal(21,9) not null default 0
2025-07-24 10:47:41,822 WARNING database DDL Query made to DB:
ALTER TABLE `tabLead` MODIFY `annual_revenue` decimal(21,9) not null default 0, MODIFY `custom_budget_range` decimal(21,9) not null default 0
2025-07-24 10:47:41,904 WARNING database DDL Query made to DB:
ALTER TABLE `tabLead` MODIFY `custom_budget_range` decimal(21,9) not null default 0, MODIFY `annual_revenue` decimal(21,9) not null default 0
2025-07-24 10:47:41,989 WARNING database DDL Query made to DB:
ALTER TABLE `tabLead` MODIFY `annual_revenue` decimal(21,9) not null default 0, MODIFY `custom_budget_range` decimal(21,9) not null default 0
2025-07-24 10:47:42,071 WARNING database DDL Query made to DB:
ALTER TABLE `tabLead` MODIFY `annual_revenue` decimal(21,9) not null default 0, MODIFY `custom_budget_range` decimal(21,9) not null default 0
2025-07-24 10:47:42,154 WARNING database DDL Query made to DB:
ALTER TABLE `tabLead` MODIFY `custom_budget_range` decimal(21,9) not null default 0, MODIFY `annual_revenue` decimal(21,9) not null default 0
2025-07-24 10:47:42,237 WARNING database DDL Query made to DB:
ALTER TABLE `tabLead` MODIFY `custom_budget_range` decimal(21,9) not null default 0, MODIFY `annual_revenue` decimal(21,9) not null default 0
2025-07-24 10:47:42,316 WARNING database DDL Query made to DB:
ALTER TABLE `tabLead` MODIFY `annual_revenue` decimal(21,9) not null default 0, MODIFY `custom_budget_range` decimal(21,9) not null default 0
2025-07-24 10:47:42,397 WARNING database DDL Query made to DB:
ALTER TABLE `tabLead` MODIFY `custom_budget_range` decimal(21,9) not null default 0, MODIFY `annual_revenue` decimal(21,9) not null default 0
2025-07-24 10:47:42,478 WARNING database DDL Query made to DB:
ALTER TABLE `tabLead` MODIFY `custom_budget_range` decimal(21,9) not null default 0, MODIFY `annual_revenue` decimal(21,9) not null default 0
2025-07-25 05:27:22,740 WARNING database DDL Query made to DB:
ALTER TABLE `tabCustomer` ADD COLUMN `custom_expected_travel_date` date
2025-07-25 05:27:22,770 WARNING database DDL Query made to DB:
ALTER TABLE `tabCustomer` MODIFY `default_commission_rate` decimal(21,9) not null default 0
2025-07-25 05:27:22,923 WARNING database DDL Query made to DB:
ALTER TABLE `tabCustomer` ADD COLUMN `custom_preferred_destination` varchar(140)
2025-07-25 05:27:22,951 WARNING database DDL Query made to DB:
ALTER TABLE `tabCustomer` MODIFY `default_commission_rate` decimal(21,9) not null default 0
2025-07-25 05:27:23,037 WARNING database DDL Query made to DB:
ALTER TABLE `tabCustomer` MODIFY `default_commission_rate` decimal(21,9) not null default 0
2025-07-25 05:27:58,385 WARNING database DDL Query made to DB:
ALTER TABLE `tabCustomer` MODIFY `default_commission_rate` decimal(21,9) not null default 0
2025-07-25 06:44:58,988 WARNING database DDL Query made to DB:
ALTER TABLE `tabSales Order` ADD COLUMN `custom_travel_booking` varchar(140)
2025-07-25 06:44:59,004 WARNING database DDL Query made to DB:
ALTER TABLE `tabSales Order` MODIFY `commission_rate` decimal(21,9) not null default 0, MODIFY `base_total` decimal(21,9) not null default 0, MODIFY `advance_paid` decimal(21,9) not null default 0, MODIFY `base_net_total` decimal(21,9) not null default 0, MODIFY `total_taxes_and_charges` decimal(21,9) not null default 0, MODIFY `rounding_adjustment` decimal(21,9) not null default 0, MODIFY `per_delivered` decimal(21,9) not null default 0, MODIFY `grand_total` decimal(21,9) not null default 0, MODIFY `total_commission` decimal(21,9) not null default 0, MODIFY `base_total_taxes_and_charges` decimal(21,9) not null default 0, MODIFY `rounded_total` decimal(21,9) not null default 0, MODIFY `base_discount_amount` decimal(21,9) not null default 0, MODIFY `per_picked` decimal(21,9) not null default 0, MODIFY `amount_eligible_for_commission` decimal(21,9) not null default 0, MODIFY `base_grand_total` decimal(21,9) not null default 0, MODIFY `total` decimal(21,9) not null default 0, MODIFY `base_rounded_total` decimal(21,9) not null default 0, MODIFY `base_rounding_adjustment` decimal(21,9) not null default 0, MODIFY `discount_amount` decimal(21,9) not null default 0, MODIFY `conversion_rate` decimal(21,9) not null default 0, MODIFY `total_net_weight` decimal(21,9) not null default 0, MODIFY `net_total` decimal(21,9) not null default 0, MODIFY `additional_discount_percentage` decimal(21,9) not null default 0, MODIFY `per_billed` decimal(21,9) not null default 0, MODIFY `plc_conversion_rate` decimal(21,9) not null default 0, MODIFY `loyalty_amount` decimal(21,9) not null default 0, MODIFY `total_qty` decimal(21,9) not null default 0
2025-07-25 06:44:58,531 WARNING database DDL Query made to DB:
ALTER TABLE `tabSales Order` MODIFY `amount_eligible_for_commission` decimal(21,9) not null default 0, MODIFY `total_qty` decimal(21,9) not null default 0, MODIFY `base_grand_total` decimal(21,9) not null default 0, MODIFY `commission_rate` decimal(21,9) not null default 0, MODIFY `base_rounded_total` decimal(21,9) not null default 0, MODIFY `per_billed` decimal(21,9) not null default 0, MODIFY `base_net_total` decimal(21,9) not null default 0, MODIFY `total_taxes_and_charges` decimal(21,9) not null default 0, MODIFY `grand_total` decimal(21,9) not null default 0, MODIFY `conversion_rate` decimal(21,9) not null default 0, MODIFY `rounded_total` decimal(21,9) not null default 0, MODIFY `base_total` decimal(21,9) not null default 0, MODIFY `additional_discount_percentage` decimal(21,9) not null default 0, MODIFY `net_total` decimal(21,9) not null default 0, MODIFY `per_delivered` decimal(21,9) not null default 0, MODIFY `plc_conversion_rate` decimal(21,9) not null default 0, MODIFY `total_commission` decimal(21,9) not null default 0, MODIFY `per_picked` decimal(21,9) not null default 0, MODIFY `loyalty_amount` decimal(21,9) not null default 0, MODIFY `base_rounding_adjustment` decimal(21,9) not null default 0, MODIFY `total` decimal(21,9) not null default 0, MODIFY `rounding_adjustment` decimal(21,9) not null default 0, MODIFY `base_discount_amount` decimal(21,9) not null default 0, MODIFY `total_net_weight` decimal(21,9) not null default 0, MODIFY `base_total_taxes_and_charges` decimal(21,9) not null default 0, MODIFY `discount_amount` decimal(21,9) not null default 0, MODIFY `advance_paid` decimal(21,9) not null default 0
2025-07-25 07:18:46,751 WARNING database DDL Query made to DB:
ALTER TABLE `tabTravel Booking` ADD COLUMN `project` varchar(140)
2025-07-25 07:26:36,145 WARNING database DDL Query made to DB:
ALTER TABLE `tabProject` ADD COLUMN `custom_reference_type` varchar(140)
2025-07-25 07:26:36,173 WARNING database DDL Query made to DB:
ALTER TABLE `tabProject` MODIFY `estimated_costing` decimal(21,9) not null default 0, MODIFY `gross_margin` decimal(21,9) not null default 0, MODIFY `total_costing_amount` decimal(21,9) not null default 0, MODIFY `total_billable_amount` decimal(21,9) not null default 0, MODIFY `per_gross_margin` decimal(21,9) not null default 0, MODIFY `total_purchase_cost` decimal(21,9) not null default 0, MODIFY `actual_time` decimal(21,9) not null default 0, MODIFY `total_billed_amount` decimal(21,9) not null default 0, MODIFY `total_sales_amount` decimal(21,9) not null default 0, MODIFY `total_consumed_material_cost` decimal(21,9) not null default 0, MODIFY `percent_complete` decimal(21,9) not null default 0
2025-07-25 07:28:36,953 WARNING database DDL Query made to DB:
ALTER TABLE `tabProject` ADD COLUMN `custom_travel_booking` varchar(140)
2025-07-25 07:28:36,981 WARNING database DDL Query made to DB:
ALTER TABLE `tabProject` MODIFY `gross_margin` decimal(21,9) not null default 0, MODIFY `total_billable_amount` decimal(21,9) not null default 0, MODIFY `estimated_costing` decimal(21,9) not null default 0, MODIFY `total_sales_amount` decimal(21,9) not null default 0, MODIFY `total_purchase_cost` decimal(21,9) not null default 0, MODIFY `percent_complete` decimal(21,9) not null default 0, MODIFY `per_gross_margin` decimal(21,9) not null default 0, MODIFY `actual_time` decimal(21,9) not null default 0, MODIFY `total_costing_amount` decimal(21,9) not null default 0, MODIFY `total_consumed_material_cost` decimal(21,9) not null default 0, MODIFY `total_billed_amount` decimal(21,9) not null default 0
2025-07-25 12:15:40,782 WARNING database DDL Query made to DB:
ALTER TABLE `tabTravel Booking` ADD COLUMN `visa_type` varchar(140)
2025-07-25 12:29:25,156 WARNING database DDL Query made to DB:
create table `tabVisa task Template` (
			name varchar(140) primary key,
			creation datetime(6),
			modified datetime(6),
			modified_by varchar(140),
			owner varchar(140),
			docstatus int(1) not null default '0',
			idx int(8) not null default '0',
			parent varchar(140),
parentfield varchar(140),
parenttype varchar(140),
index parent(parent))
			ENGINE=InnoDB
			ROW_FORMAT=DYNAMIC
			CHARACTER SET=utf8mb4
			COLLATE=utf8mb4_unicode_ci
2025-07-25 12:31:35,827 WARNING database DDL Query made to DB:
alter table `tabVisa task Template` add column if not exists parent varchar(140)
2025-07-25 12:31:35,828 WARNING database DDL Query made to DB:
alter table `tabVisa task Template` add column if not exists parenttype varchar(140)
2025-07-25 12:31:35,829 WARNING database DDL Query made to DB:
alter table `tabVisa task Template` add column if not exists parentfield varchar(140)
2025-07-25 12:31:35,885 WARNING database DDL Query made to DB:
ALTER TABLE `tabVisa task Template` ADD COLUMN `visa_type` varchar(140), ADD COLUMN `task_title` varchar(140), ADD COLUMN `order` int(11) not null default 0
2025-07-25 12:31:49,063 WARNING database DDL Query made to DB:
RENAME TABLE `tabVisa task Template` TO `tabVisa Task Template`
2025-07-26 04:27:16,444 WARNING database DDL Query made to DB:
create table `tabVisa Type` (
			name varchar(140) primary key,
			creation datetime(6),
			modified datetime(6),
			modified_by varchar(140),
			owner varchar(140),
			docstatus int(1) not null default '0',
			idx int(8) not null default '0',
			`_user_tags` text,
`_comments` text,
`_assign` text,
`_liked_by` text,
index modified(modified))
			ENGINE=InnoDB
			ROW_FORMAT=DYNAMIC
			CHARACTER SET=utf8mb4
			COLLATE=utf8mb4_unicode_ci
2025-07-26 04:34:59,710 WARNING database DDL Query made to DB:
ALTER TABLE `tabVisa Type` ADD COLUMN `visa_type_name` varchar(140), ADD COLUMN `description` text, ADD COLUMN `requires_biometric` int(1) not null default 0
2025-07-26 04:35:16,636 WARNING database DDL Query made to DB:
alter table `tabVisa Task Template` add column if not exists parent varchar(140)
2025-07-26 04:35:16,637 WARNING database DDL Query made to DB:
alter table `tabVisa Task Template` add column if not exists parenttype varchar(140)
2025-07-26 04:35:16,637 WARNING database DDL Query made to DB:
alter table `tabVisa Task Template` add column if not exists parentfield varchar(140)
2025-07-26 07:30:44,114 WARNING database DDL Query made to DB:
ALTER TABLE `tabVisa Type` ADD UNIQUE INDEX IF NOT EXISTS visa_type_name (`visa_type_name`)
2025-07-26 08:43:20,112 WARNING database DDL Query made to DB:
ALTER TABLE `tabVisa Task Template` ADD COLUMN `_user_tags` text, ADD COLUMN `_comments` text, ADD COLUMN `_assign` text, ADD COLUMN `_liked_by` text
2025-07-26 08:45:30,790 WARNING database DDL Query made to DB:
ALTER TABLE `tabVisa Task Template` ADD COLUMN `subject` varchar(140), ADD COLUMN `description` text, ADD COLUMN `sequence` int(11) not null default 0
2025-07-26 08:49:50,398 WARNING database DDL Query made to DB:
create sequence if not exists visa_task_template_id_seq nocache nocycle
2025-07-26 08:49:50,426 WARNING database DDL Query made to DB:
ALTER TABLE `tabVisa Task Template` MODIFY `name` bigint
2025-07-26 08:51:48,263 WARNING database DDL Query made to DB:
ALTER TABLE `tabVisa Task Template` MODIFY `name` varchar(140)
2025-07-26 08:51:48,293 WARNING database DDL Query made to DB:
ALTER TABLE `tabVisa Task Template` ADD UNIQUE INDEX IF NOT EXISTS subject (`subject`)
2025-07-26 09:12:40,790 WARNING database DDL Query made to DB:
ALTER TABLE `tabVisa Task Template` MODIFY `description` varchar(140)
2025-07-26 09:30:47,213 WARNING database DDL Query made to DB:
alter table `tabVisa Task Template` add column if not exists parent varchar(140)
2025-07-26 09:30:47,214 WARNING database DDL Query made to DB:
alter table `tabVisa Task Template` add column if not exists parenttype varchar(140)
2025-07-26 09:30:47,214 WARNING database DDL Query made to DB:
alter table `tabVisa Task Template` add column if not exists parentfield varchar(140)
2025-07-26 09:33:42,698 WARNING database DDL Query made to DB:
alter table `tabVisa Task Template` add column if not exists parent varchar(140)
2025-07-26 09:33:42,699 WARNING database DDL Query made to DB:
alter table `tabVisa Task Template` add column if not exists parenttype varchar(140)
2025-07-26 09:33:42,700 WARNING database DDL Query made to DB:
alter table `tabVisa Task Template` add column if not exists parentfield varchar(140)
2025-07-26 09:33:42,748 WARNING database DDL Query made to DB:
ALTER TABLE `tabVisa Task Template` ADD COLUMN `expected_days` int(11) not null default 0
2025-07-26 11:19:15,186 WARNING database DDL Query made to DB:
ALTER TABLE `tabTask` ADD COLUMN `custom_visa_document` text
2025-07-26 11:19:15,204 WARNING database DDL Query made to DB:
ALTER TABLE `tabTask` MODIFY `progress` decimal(21,9) not null default 0, MODIFY `actual_time` decimal(21,9) not null default 0, MODIFY `task_weight` decimal(21,9) not null default 0, MODIFY `total_costing_amount` decimal(21,9) not null default 0, MODIFY `total_billing_amount` decimal(21,9) not null default 0
2025-07-26 11:19:15,265 WARNING database DDL Query made to DB:
ALTER TABLE `tabTask` MODIFY `task_weight` decimal(21,9) not null default 0, MODIFY `total_billing_amount` decimal(21,9) not null default 0, MODIFY `actual_time` decimal(21,9) not null default 0, MODIFY `total_costing_amount` decimal(21,9) not null default 0, MODIFY `progress` decimal(21,9) not null default 0
2025-07-26 11:19:41,577 WARNING database DDL Query made to DB:
ALTER TABLE `tabTask` ADD COLUMN `custom_ops_remarks` text
2025-07-26 11:19:41,592 WARNING database DDL Query made to DB:
ALTER TABLE `tabTask` MODIFY `total_costing_amount` decimal(21,9) not null default 0, MODIFY `task_weight` decimal(21,9) not null default 0, MODIFY `actual_time` decimal(21,9) not null default 0, MODIFY `progress` decimal(21,9) not null default 0, MODIFY `total_billing_amount` decimal(21,9) not null default 0
2025-07-26 11:19:41,652 WARNING database DDL Query made to DB:
ALTER TABLE `tabTask` MODIFY `total_costing_amount` decimal(21,9) not null default 0, MODIFY `actual_time` decimal(21,9) not null default 0, MODIFY `progress` decimal(21,9) not null default 0, MODIFY `total_billing_amount` decimal(21,9) not null default 0, MODIFY `task_weight` decimal(21,9) not null default 0
2025-07-26 11:21:15,414 WARNING database DDL Query made to DB:
ALTER TABLE `tabTask` MODIFY `total_costing_amount` decimal(21,9) not null default 0, MODIFY `progress` decimal(21,9) not null default 0, MODIFY `actual_time` decimal(21,9) not null default 0, MODIFY `total_billing_amount` decimal(21,9) not null default 0, MODIFY `task_weight` decimal(21,9) not null default 0
2025-07-26 11:21:25,988 WARNING database DDL Query made to DB:
ALTER TABLE `tabTask` MODIFY `total_costing_amount` decimal(21,9) not null default 0, MODIFY `task_weight` decimal(21,9) not null default 0, MODIFY `total_billing_amount` decimal(21,9) not null default 0, MODIFY `progress` decimal(21,9) not null default 0, MODIFY `actual_time` decimal(21,9) not null default 0
2025-07-26 11:41:36,138 WARNING database DDL Query made to DB:
ALTER TABLE `tabTravel Booking` ADD COLUMN `visa_progress` decimal(21,9) not null default 0
2025-07-26 11:59:07,226 WARNING database DDL Query made to DB:
ALTER TABLE `tabProject` MODIFY `gross_margin` decimal(21,9) not null default 0, MODIFY `total_billable_amount` decimal(21,9) not null default 0, MODIFY `total_billed_amount` decimal(21,9) not null default 0, MODIFY `percent_complete` decimal(21,9) not null default 0, MODIFY `per_gross_margin` decimal(21,9) not null default 0, MODIFY `total_consumed_material_cost` decimal(21,9) not null default 0, MODIFY `actual_time` decimal(21,9) not null default 0, MODIFY `total_sales_amount` decimal(21,9) not null default 0, MODIFY `total_costing_amount` decimal(21,9) not null default 0, MODIFY `total_purchase_cost` decimal(21,9) not null default 0, MODIFY `estimated_costing` decimal(21,9) not null default 0
2025-07-26 11:59:07,298 WARNING database DDL Query made to DB:
ALTER TABLE `tabProject` MODIFY `total_consumed_material_cost` decimal(21,9) not null default 0, MODIFY `total_costing_amount` decimal(21,9) not null default 0, MODIFY `total_purchase_cost` decimal(21,9) not null default 0, MODIFY `total_billable_amount` decimal(21,9) not null default 0, MODIFY `total_billed_amount` decimal(21,9) not null default 0, MODIFY `percent_complete` decimal(21,9) not null default 0, MODIFY `total_sales_amount` decimal(21,9) not null default 0, MODIFY `gross_margin` decimal(21,9) not null default 0, MODIFY `per_gross_margin` decimal(21,9) not null default 0, MODIFY `estimated_costing` decimal(21,9) not null default 0, MODIFY `actual_time` decimal(21,9) not null default 0
2025-07-26 11:59:12,351 WARNING database DDL Query made to DB:
ALTER TABLE `tabProject` MODIFY `total_sales_amount` decimal(21,9) not null default 0, MODIFY `total_purchase_cost` decimal(21,9) not null default 0, MODIFY `total_billed_amount` decimal(21,9) not null default 0, MODIFY `percent_complete` decimal(21,9) not null default 0, MODIFY `total_consumed_material_cost` decimal(21,9) not null default 0, MODIFY `actual_time` decimal(21,9) not null default 0, MODIFY `gross_margin` decimal(21,9) not null default 0, MODIFY `total_billable_amount` decimal(21,9) not null default 0, MODIFY `estimated_costing` decimal(21,9) not null default 0, MODIFY `total_costing_amount` decimal(21,9) not null default 0, MODIFY `per_gross_margin` decimal(21,9) not null default 0
2025-07-26 12:00:41,204 WARNING database DDL Query made to DB:
ALTER TABLE `tabProject` MODIFY `total_sales_amount` decimal(21,9) not null default 0, MODIFY `total_costing_amount` decimal(21,9) not null default 0, MODIFY `total_billable_amount` decimal(21,9) not null default 0, MODIFY `total_billed_amount` decimal(21,9) not null default 0, MODIFY `actual_time` decimal(21,9) not null default 0, MODIFY `total_purchase_cost` decimal(21,9) not null default 0, MODIFY `percent_complete` decimal(21,9) not null default 0, MODIFY `estimated_costing` decimal(21,9) not null default 0, MODIFY `total_consumed_material_cost` decimal(21,9) not null default 0, MODIFY `gross_margin` decimal(21,9) not null default 0, MODIFY `per_gross_margin` decimal(21,9) not null default 0
2025-07-26 12:01:08,274 WARNING database DDL Query made to DB:
alter table `tabDocType` add column if not exists migration_hash varchar(140)
2025-07-26 12:01:08,998 WARNING database DDL Query made to DB:
ALTER TABLE `tabPrint Heading` DROP INDEX `print_heading`
2025-07-26 12:01:08,603 WARNING database DDL Query made to DB:
ALTER TABLE `tabPrint Heading` ADD UNIQUE INDEX IF NOT EXISTS print_heading (`print_heading`)
2025-07-26 12:01:09,379 WARNING database DDL Query made to DB:
ALTER TABLE `tabTravel Booking` MODIFY `visa_progress` decimal(21,9) not null default 0
2025-07-26 12:03:35,285 WARNING database DDL Query made to DB:
alter table `tabDocType` add column if not exists migration_hash varchar(140)
2025-07-26 12:03:35,878 WARNING database DDL Query made to DB:
ALTER TABLE `tabPrint Heading` DROP INDEX `print_heading`
2025-07-26 12:03:36,498 WARNING database DDL Query made to DB:
ALTER TABLE `tabPrint Heading` ADD UNIQUE INDEX IF NOT EXISTS print_heading (`print_heading`)
2025-07-28 09:08:40,962 WARNING database DDL Query made to DB:
alter table `tabDocType` add column if not exists migration_hash varchar(140)
2025-07-28 09:08:41,666 WARNING database DDL Query made to DB:
ALTER TABLE `tabPrint Heading` DROP INDEX `print_heading`
2025-07-28 09:08:42,423 WARNING database DDL Query made to DB:
ALTER TABLE `tabPrint Heading` ADD UNIQUE INDEX IF NOT EXISTS print_heading (`print_heading`)
2025-07-28 10:12:05,147 WARNING database DDL Query made to DB:
ALTER TABLE `tabTask` ADD COLUMN `custom_assigned_ops_person` varchar(140)
2025-07-28 10:12:05,162 WARNING database DDL Query made to DB:
ALTER TABLE `tabTask` MODIFY `actual_time` decimal(21,9) not null default 0, MODIFY `total_billing_amount` decimal(21,9) not null default 0, MODIFY `task_weight` decimal(21,9) not null default 0, MODIFY `progress` decimal(21,9) not null default 0, MODIFY `total_costing_amount` decimal(21,9) not null default 0
2025-07-28 10:12:05,226 WARNING database DDL Query made to DB:
ALTER TABLE `tabTask` MODIFY `actual_time` decimal(21,9) not null default 0, MODIFY `task_weight` decimal(21,9) not null default 0, MODIFY `progress` decimal(21,9) not null default 0, MODIFY `total_billing_amount` decimal(21,9) not null default 0, MODIFY `total_costing_amount` decimal(21,9) not null default 0
2025-07-28 11:55:57,134 WARNING database DDL Query made to DB:
ALTER TABLE `tabTravel Booking` MODIFY `visa_progress` decimal(21,9) not null default 0
